app/build/intermediates/manifest_merge_blame_file/debug/manifest-merger-blame-debug-report.txt
1<?xml version="1.0" encoding="utf-8"?>
2<manifest xmlns:android="http://schemas.android.com/apk/res/android"
3    package="com.flores.agendadeeventos"
4    android:versionCode="1"
5    android:versionName="1.0" >
6
7    <uses-sdk
8        android:minSdkVersion="21"
8-->src\main\AndroidManifest.xml
9        android:targetSdkVersion="29" />
9-->src\main\AndroidManifest.xml
10
11    <!-- Although the *SdkVersion is captured in gradle build files, this is required for non gradle builds -->
12    <!-- <uses-sdk android:minSdkVersion="14"/> -->
13    <uses-permission android:name="android.permission.ACCESS_NETWORK_STATE" />
13-->[com.google.firebase:firebase-database:19.2.0] AndroidManifest.xml:25:5-79
13-->[com.google.firebase:firebase-database:19.2.0] AndroidManifest.xml:25:22-76
14    <uses-permission android:name="android.permission.INTERNET" />
14-->[com.google.firebase:firebase-database:19.2.0] AndroidManifest.xml:26:5-67
14-->[com.google.firebase:firebase-database:19.2.0] AndroidManifest.xml:26:22-64
15    <uses-permission android:name="android.permission.WAKE_LOCK" /> <!-- Required by older versions of Google Play services to create IID tokens -->
15-->[com.google.android.gms:play-services-measurement-api:17.2.1] AndroidManifest.xml:24:5-68
15-->[com.google.android.gms:play-services-measurement-api:17.2.1] AndroidManifest.xml:24:22-65
16    <uses-permission android:name="com.google.android.c2dm.permission.RECEIVE" />
16-->[com.google.firebase:firebase-iid:19.0.0] AndroidManifest.xml:26:5-82
16-->[com.google.firebase:firebase-iid:19.0.0] AndroidManifest.xml:26:22-79
17    <uses-permission android:name="com.google.android.finsky.permission.BIND_GET_INSTALL_REFERRER_SERVICE" />
17-->[com.google.android.gms:play-services-measurement:17.2.1] AndroidManifest.xml:26:5-110
17-->[com.google.android.gms:play-services-measurement:17.2.1] AndroidManifest.xml:26:22-107
18
19    <application
19-->src\main\AndroidManifest.xml:5:5-29:19
20        android:allowBackup="true"
20-->src\main\AndroidManifest.xml:6:9-35
21        android:appComponentFactory="androidx.core.app.CoreComponentFactory"
21-->[androidx.core:core:1.1.0] AndroidManifest.xml:24:18-86
22        android:debuggable="true"
23        android:icon="@mipmap/ic_launcher"
23-->src\main\AndroidManifest.xml:7:9-43
24        android:label="@string/app_name"
24-->src\main\AndroidManifest.xml:8:9-41
25        android:roundIcon="@mipmap/ic_launcher_round"
25-->src\main\AndroidManifest.xml:9:9-54
26        android:supportsRtl="true"
26-->src\main\AndroidManifest.xml:10:9-35
27        android:theme="@style/AppTheme" >
27-->src\main\AndroidManifest.xml:11:9-40
28        <activity android:name="com.flores.agendadeeventos.SplashActivity" >
28-->src\main\AndroidManifest.xml:12:9-17:20
28-->src\main\AndroidManifest.xml:12:19-49
29            <intent-filter>
29-->src\main\AndroidManifest.xml:13:13-16:29
30                <action android:name="android.intent.action.MAIN" />
30-->src\main\AndroidManifest.xml:14:17-69
30-->src\main\AndroidManifest.xml:14:25-66
31
32                <category android:name="android.intent.category.LAUNCHER" />
32-->src\main\AndroidManifest.xml:15:17-77
32-->src\main\AndroidManifest.xml:15:27-74
33            </intent-filter>
34        </activity>
35        <activity android:name="com.flores.agendadeeventos.AccountActivity" />
35-->src\main\AndroidManifest.xml:18:9-53
35-->src\main\AndroidManifest.xml:18:19-50
36        <activity android:name="com.flores.agendadeeventos.AlterarEventoActivity" />
36-->src\main\AndroidManifest.xml:19:9-59
36-->src\main\AndroidManifest.xml:19:19-56
37        <activity android:name="com.flores.agendadeeventos.AddActivity" />
37-->src\main\AndroidManifest.xml:20:9-49
37-->src\main\AndroidManifest.xml:20:19-46
38        <activity android:name="com.flores.agendadeeventos.HomeActivity" />
38-->src\main\AndroidManifest.xml:21:9-50
38-->src\main\AndroidManifest.xml:21:19-47
39        <activity android:name="com.flores.agendadeeventos.RegisterActivity" />
39-->src\main\AndroidManifest.xml:22:9-54
39-->src\main\AndroidManifest.xml:22:19-51
40        <activity android:name="com.flores.agendadeeventos.MainActivity" >
40-->src\main\AndroidManifest.xml:23:9-28:20
40-->src\main\AndroidManifest.xml:23:19-47
41            <intent-filter>
41-->src\main\AndroidManifest.xml:24:13-27:29
42                <action android:name="android.intent.action.MAIN" />
42-->src\main\AndroidManifest.xml:14:17-69
42-->src\main\AndroidManifest.xml:14:25-66
43
44                <category android:name="android.intent.category.DEFAULT" />
44-->src\main\AndroidManifest.xml:26:17-76
44-->src\main\AndroidManifest.xml:26:27-73
45            </intent-filter>
46        </activity>
47        <activity
47-->[com.google.firebase:firebase-auth:19.2.0] AndroidManifest.xml:24:9-31:50
48            android:name="com.google.firebase.auth.internal.FederatedSignInActivity"
48-->[com.google.firebase:firebase-auth:19.2.0] AndroidManifest.xml:25:13-85
49            android:excludeFromRecents="true"
49-->[com.google.firebase:firebase-auth:19.2.0] AndroidManifest.xml:26:13-46
50            android:exported="true"
50-->[com.google.firebase:firebase-auth:19.2.0] AndroidManifest.xml:27:13-36
51            android:launchMode="singleTask"
51-->[com.google.firebase:firebase-auth:19.2.0] AndroidManifest.xml:28:13-44
52            android:permission="com.google.firebase.auth.api.gms.permission.LAUNCH_FEDERATED_SIGN_IN"
52-->[com.google.firebase:firebase-auth:19.2.0] AndroidManifest.xml:29:13-102
53            android:theme="@android:style/Theme.Translucent.NoTitleBar" />
53-->[com.google.firebase:firebase-auth:19.2.0] AndroidManifest.xml:30:13-72
54
55        <service
55-->[com.google.firebase:firebase-auth:19.2.0] AndroidManifest.xml:33:9-39:19
56            android:name="com.google.firebase.components.ComponentDiscoveryService"
56-->[com.google.firebase:firebase-auth:19.2.0] AndroidManifest.xml:34:13-84
57            android:directBootAware="true"
57-->[com.google.firebase:firebase-common:19.3.0] AndroidManifest.xml:34:13-43
58            android:exported="false" >
58-->[com.google.firebase:firebase-auth:19.2.0] AndroidManifest.xml:35:13-37
59            <meta-data
59-->[com.google.firebase:firebase-auth:19.2.0] AndroidManifest.xml:36:13-38:85
60                android:name="com.google.firebase.components:com.google.firebase.auth.FirebaseAuthRegistrar"
60-->[com.google.firebase:firebase-auth:19.2.0] AndroidManifest.xml:37:17-109
61                android:value="com.google.firebase.components.ComponentRegistrar" />
61-->[com.google.firebase:firebase-auth:19.2.0] AndroidManifest.xml:38:17-82
62            <meta-data
62-->[com.google.firebase:firebase-database:19.2.0] AndroidManifest.xml:32:13-34:85
63                android:name="com.google.firebase.components:com.google.firebase.database.DatabaseRegistrar"
63-->[com.google.firebase:firebase-database:19.2.0] AndroidManifest.xml:33:17-109
64                android:value="com.google.firebase.components.ComponentRegistrar" />
64-->[com.google.firebase:firebase-database:19.2.0] AndroidManifest.xml:34:17-82
65            <meta-data
65-->[com.google.android.gms:play-services-measurement-api:17.2.1] AndroidManifest.xml:30:13-32:85
66                android:name="com.google.firebase.components:com.google.firebase.analytics.connector.internal.AnalyticsConnectorRegistrar"
66-->[com.google.android.gms:play-services-measurement-api:17.2.1] AndroidManifest.xml:31:17-139
67                android:value="com.google.firebase.components.ComponentRegistrar" />
67-->[com.google.android.gms:play-services-measurement-api:17.2.1] AndroidManifest.xml:32:17-82
68            <meta-data
68-->[com.google.firebase:firebase-iid:19.0.0] AndroidManifest.xml:32:13-34:85
69                android:name="com.google.firebase.components:com.google.firebase.iid.Registrar"
69-->[com.google.firebase:firebase-iid:19.0.0] AndroidManifest.xml:33:17-96
70                android:value="com.google.firebase.components.ComponentRegistrar" />
70-->[com.google.firebase:firebase-iid:19.0.0] AndroidManifest.xml:34:17-82
71        </service>
72
73        <receiver
73-->[com.google.firebase:firebase-iid:19.0.0] AndroidManifest.xml:37:9-44:20
74            android:name="com.google.firebase.iid.FirebaseInstanceIdReceiver"
74-->[com.google.firebase:firebase-iid:19.0.0] AndroidManifest.xml:38:13-78
75            android:exported="true"
75-->[com.google.firebase:firebase-iid:19.0.0] AndroidManifest.xml:39:13-36
76            android:permission="com.google.android.c2dm.permission.SEND" >
76-->[com.google.firebase:firebase-iid:19.0.0] AndroidManifest.xml:40:13-73
77            <intent-filter>
77-->[com.google.firebase:firebase-iid:19.0.0] AndroidManifest.xml:41:13-43:29
78                <action android:name="com.google.android.c2dm.intent.RECEIVE" />
78-->[com.google.firebase:firebase-iid:19.0.0] AndroidManifest.xml:42:17-81
78-->[com.google.firebase:firebase-iid:19.0.0] AndroidManifest.xml:42:25-78
79            </intent-filter>
80        </receiver>
81
82        <activity
82-->[com.google.android.gms:play-services-base:17.1.0] AndroidManifest.xml:23:9-26:75
83            android:name="com.google.android.gms.common.api.GoogleApiActivity"
83-->[com.google.android.gms:play-services-base:17.1.0] AndroidManifest.xml:24:13-79
84            android:exported="false"
84-->[com.google.android.gms:play-services-base:17.1.0] AndroidManifest.xml:25:13-37
85            android:theme="@android:style/Theme.Translucent.NoTitleBar" />
85-->[com.google.android.gms:play-services-base:17.1.0] AndroidManifest.xml:26:13-72
86
87        <provider
87-->[com.google.firebase:firebase-common:19.3.0] AndroidManifest.xml:26:9-30:39
88            android:name="com.google.firebase.provider.FirebaseInitProvider"
88-->[com.google.firebase:firebase-common:19.3.0] AndroidManifest.xml:27:13-77
89            android:authorities="com.flores.agendadeeventos.firebaseinitprovider"
89-->[com.google.firebase:firebase-common:19.3.0] AndroidManifest.xml:28:13-72
90            android:exported="false"
90-->[com.google.firebase:firebase-common:19.3.0] AndroidManifest.xml:29:13-37
91            android:initOrder="100" />
91-->[com.google.firebase:firebase-common:19.3.0] AndroidManifest.xml:30:13-36
92
93        <receiver
93-->[com.google.android.gms:play-services-measurement:17.2.1] AndroidManifest.xml:29:9-33:20
94            android:name="com.google.android.gms.measurement.AppMeasurementReceiver"
94-->[com.google.android.gms:play-services-measurement:17.2.1] AndroidManifest.xml:30:13-85
95            android:enabled="true"
95-->[com.google.android.gms:play-services-measurement:17.2.1] AndroidManifest.xml:31:13-35
96            android:exported="false" >
96-->[com.google.android.gms:play-services-measurement:17.2.1] AndroidManifest.xml:32:13-37
97        </receiver>
98        <receiver
98-->[com.google.android.gms:play-services-measurement:17.2.1] AndroidManifest.xml:34:9-42:20
99            android:name="com.google.android.gms.measurement.AppMeasurementInstallReferrerReceiver"
99-->[com.google.android.gms:play-services-measurement:17.2.1] AndroidManifest.xml:35:13-100
100            android:enabled="true"
100-->[com.google.android.gms:play-services-measurement:17.2.1] AndroidManifest.xml:36:13-35
101            android:exported="true"
101-->[com.google.android.gms:play-services-measurement:17.2.1] AndroidManifest.xml:37:13-36
102            android:permission="android.permission.INSTALL_PACKAGES" >
102-->[com.google.android.gms:play-services-measurement:17.2.1] AndroidManifest.xml:38:13-69
103            <intent-filter>
103-->[com.google.android.gms:play-services-measurement:17.2.1] AndroidManifest.xml:39:13-41:29
104                <action android:name="com.android.vending.INSTALL_REFERRER" />
104-->[com.google.android.gms:play-services-measurement:17.2.1] AndroidManifest.xml:40:17-79
104-->[com.google.android.gms:play-services-measurement:17.2.1] AndroidManifest.xml:40:25-76
105            </intent-filter>
106        </receiver>
107
108        <service
108-->[com.google.android.gms:play-services-measurement:17.2.1] AndroidManifest.xml:44:9-47:40
109            android:name="com.google.android.gms.measurement.AppMeasurementService"
109-->[com.google.android.gms:play-services-measurement:17.2.1] AndroidManifest.xml:45:13-84
110            android:enabled="true"
110-->[com.google.android.gms:play-services-measurement:17.2.1] AndroidManifest.xml:46:13-35
111            android:exported="false" />
111-->[com.google.android.gms:play-services-measurement:17.2.1] AndroidManifest.xml:47:13-37
112        <service
112-->[com.google.android.gms:play-services-measurement:17.2.1] AndroidManifest.xml:48:9-52:72
113            android:name="com.google.android.gms.measurement.AppMeasurementJobService"
113-->[com.google.android.gms:play-services-measurement:17.2.1] AndroidManifest.xml:49:13-87
114            android:enabled="true"
114-->[com.google.android.gms:play-services-measurement:17.2.1] AndroidManifest.xml:50:13-35
115            android:exported="false"
115-->[com.google.android.gms:play-services-measurement:17.2.1] AndroidManifest.xml:51:13-37
116            android:permission="android.permission.BIND_JOB_SERVICE" />
116-->[com.google.android.gms:play-services-measurement:17.2.1] AndroidManifest.xml:52:13-69
117
118        <meta-data
118-->[com.google.android.gms:play-services-basement:17.0.0] AndroidManifest.xml:23:9-25:69
119            android:name="com.google.android.gms.version"
119-->[com.google.android.gms:play-services-basement:17.0.0] AndroidManifest.xml:24:13-58
120            android:value="@integer/google_play_services_version" />
120-->[com.google.android.gms:play-services-basement:17.0.0] AndroidManifest.xml:25:13-66
121
122        <provider
122-->[androidx.lifecycle:lifecycle-process:2.0.0] AndroidManifest.xml:23:9-27:43
123            android:name="androidx.lifecycle.ProcessLifecycleOwnerInitializer"
123-->[androidx.lifecycle:lifecycle-process:2.0.0] AndroidManifest.xml:24:13-79
124            android:authorities="com.flores.agendadeeventos.lifecycle-process"
124-->[androidx.lifecycle:lifecycle-process:2.0.0] AndroidManifest.xml:25:13-69
125            android:exported="false"
125-->[androidx.lifecycle:lifecycle-process:2.0.0] AndroidManifest.xml:26:13-37
126            android:multiprocess="true" />
126-->[androidx.lifecycle:lifecycle-process:2.0.0] AndroidManifest.xml:27:13-40
127    </application>
128
129</manifest>